A51 MACRO ASSEMBLER  CUBE                                                                 11/05/2020 14:31:51 PAGE     1


MACRO ASSEMBLER A51 V8.2.7.0
OBJECT MODULE PLACED IN .\Objects\cube.obj
ASSEMBLER INVOKED BY: D:\Keil\C51\BIN\A51.EXE cube.asm SET(SMALL) DEBUG PRINT(.\Listings\cube.lst) OBJECT(.\Objects\cube
                      .obj) EP

LOC  OBJ            LINE     SOURCE

                       1     $mod51 
0000                   2     org 00H
0000 904500            3     MOV dptr,#4500H
0003 E0                4     movx a,@dptr
0004 F5F0              5     MOV b,a
0006 A8F0              6     MOV r0,b
0008 A4                7     mul ab
0009 F9                8     MOV r1,a
000A 88F0              9     MOV b,r0
000C E9               10     MOV a,r1
000D A4               11     MUL ab
000E A3               12     INC dptr
000F F0               13     MOVX @dptr,a
                      14     END
A51 MACRO ASSEMBLER  CUBE                                                                 11/05/2020 14:31:51 PAGE     2

SYMBOL TABLE LISTING
------ ----- -------


N A M E             T Y P E  V A L U E   ATTRIBUTES

B. . . . . . . . .  D ADDR   00F0H   A   


REGISTER BANK(S) USED: 0 


ASSEMBLY COMPLETE.  0 WARNING(S), 0 ERROR(S)
