A51 MACRO ASSEMBLER  F_SQUARE                                                             11/05/2020 14:14:06 PAGE     1


MACRO ASSEMBLER A51 V8.2.7.0
OBJECT MODULE PLACED IN .\Objects\F_square.obj
ASSEMBLER INVOKED BY: D:\Keil\C51\BIN\A51.EXE F_square.asm SET(SMALL) DEBUG PRINT(.\Listings\F_square.lst) OBJECT(.\Obje
                      cts\F_square.obj) EP

LOC  OBJ            LINE     SOURCE

                       1     $mod51 
0000                   2     org 00H
0000 904500            3     MOV dptr,#4500H
0003 E0                4     MOVX a,@dptr
0004 F5F0              5     MOV b,a
0006 A4                6     MUL ab
0007 A3                7     INC dptr
0008 F0                8     MOVX @dptr,a
                       9     end
A51 MACRO ASSEMBLER  F_SQUARE                                                             11/05/2020 14:14:06 PAGE     2

SYMBOL TABLE LISTING
------ ----- -------


N A M E             T Y P E  V A L U E   ATTRIBUTES

B. . . . . . . . .  D ADDR   00F0H   A   


REGISTER BANK(S) USED: 0 


ASSEMBLY COMPLETE.  0 WARNING(S), 0 ERROR(S)
